<?xml version="1.0" encoding="UTF-8"?>
<testsuite xmlns:xsi="http://www.w3.org/2001/XMLSchema-instance" xsi:noNamespaceSchemaLocation="https://maven.apache.org/surefire/maven-surefire-plugin/xsd/surefire-test-report-3.0.xsd" version="3.0" name="com.vev.ParkingTests" time="0.061" tests="7" errors="0" skipped="0" failures="0">
  <properties>
    <property name="java.specification.version" value="21"/>
    <property name="sun.cpu.isalist" value="amd64"/>
    <property name="sun.jnu.encoding" value="Cp1252"/>
    <property name="java.class.path" value="D:\Programming\EngenhariaSoftwarePUCRS\Verificacao_e_Validacao_de_Software\Aula08__Testes_de_Especificacao_Valor_Limite_Exercicios\exercicio_estacionamento\target\test-classes;D:\Programming\EngenhariaSoftwarePUCRS\Verificacao_e_Validacao_de_Software\Aula08__Testes_de_Especificacao_Valor_Limite_Exercicios\exercicio_estacionamento\target\classes;C:\Users\eufel\.m2\repository\org\junit\jupiter\junit-jupiter\5.10.2\junit-jupiter-5.10.2.jar;C:\Users\eufel\.m2\repository\org\junit\jupiter\junit-jupiter-api\5.10.2\junit-jupiter-api-5.10.2.jar;C:\Users\eufel\.m2\repository\org\opentest4j\opentest4j\1.3.0\opentest4j-1.3.0.jar;C:\Users\eufel\.m2\repository\org\junit\platform\junit-platform-commons\1.10.2\junit-platform-commons-1.10.2.jar;C:\Users\eufel\.m2\repository\org\apiguardian\apiguardian-api\1.1.2\apiguardian-api-1.1.2.jar;C:\Users\eufel\.m2\repository\org\junit\jupiter\junit-jupiter-params\5.10.2\junit-jupiter-params-5.10.2.jar;C:\Users\eufel\.m2\repository\org\junit\jupiter\junit-jupiter-engine\5.10.2\junit-jupiter-engine-5.10.2.jar;C:\Users\eufel\.m2\repository\org\junit\platform\junit-platform-engine\1.10.2\junit-platform-engine-1.10.2.jar;"/>
    <property name="java.vm.vendor" value="Oracle Corporation"/>
    <property name="sun.arch.data.model" value="64"/>
    <property name="user.variant" value=""/>
    <property name="java.vendor.url" value="https://java.oracle.com/"/>
    <property name="user.timezone" value="America/Sao_Paulo"/>
    <property name="os.name" value="Windows 10"/>
    <property name="java.vm.specification.version" value="21"/>
    <property name="sun.java.launcher" value="SUN_STANDARD"/>
    <property name="user.country" value="US"/>
    <property name="sun.boot.library.path" value="D:\Java\JDK\JDK_21\bin"/>
    <property name="sun.java.command" value="C:\Users\eufel\AppData\Local\Temp\surefire10131061708614595089\surefirebooter-20240328191745491_3.jar C:\Users\eufel\AppData\Local\Temp\surefire10131061708614595089 2024-03-28T19-17-45_300-jvmRun1 surefire-20240328191745491_1tmp surefire_0-20240328191745491_2tmp"/>
    <property name="jdk.debug" value="release"/>
    <property name="surefire.test.class.path" value="D:\Programming\EngenhariaSoftwarePUCRS\Verificacao_e_Validacao_de_Software\Aula08__Testes_de_Especificacao_Valor_Limite_Exercicios\exercicio_estacionamento\target\test-classes;D:\Programming\EngenhariaSoftwarePUCRS\Verificacao_e_Validacao_de_Software\Aula08__Testes_de_Especificacao_Valor_Limite_Exercicios\exercicio_estacionamento\target\classes;C:\Users\eufel\.m2\repository\org\junit\jupiter\junit-jupiter\5.10.2\junit-jupiter-5.10.2.jar;C:\Users\eufel\.m2\repository\org\junit\jupiter\junit-jupiter-api\5.10.2\junit-jupiter-api-5.10.2.jar;C:\Users\eufel\.m2\repository\org\opentest4j\opentest4j\1.3.0\opentest4j-1.3.0.jar;C:\Users\eufel\.m2\repository\org\junit\platform\junit-platform-commons\1.10.2\junit-platform-commons-1.10.2.jar;C:\Users\eufel\.m2\repository\org\apiguardian\apiguardian-api\1.1.2\apiguardian-api-1.1.2.jar;C:\Users\eufel\.m2\repository\org\junit\jupiter\junit-jupiter-params\5.10.2\junit-jupiter-params-5.10.2.jar;C:\Users\eufel\.m2\repository\org\junit\jupiter\junit-jupiter-engine\5.10.2\junit-jupiter-engine-5.10.2.jar;C:\Users\eufel\.m2\repository\org\junit\platform\junit-platform-engine\1.10.2\junit-platform-engine-1.10.2.jar;"/>
    <property name="sun.cpu.endian" value="little"/>
    <property name="user.home" value="C:\Users\eufel"/>
    <property name="user.language" value="en"/>
    <property name="java.specification.vendor" value="Oracle Corporation"/>
    <property name="java.version.date" value="2024-01-16"/>
    <property name="java.home" value="D:\Java\JDK\JDK_21"/>
    <property name="file.separator" value="\"/>
    <property name="basedir" value="D:\Programming\EngenhariaSoftwarePUCRS\Verificacao_e_Validacao_de_Software\Aula08__Testes_de_Especificacao_Valor_Limite_Exercicios\exercicio_estacionamento"/>
    <property name="java.vm.compressedOopsMode" value="Zero based"/>
    <property name="line.separator" value="&#10;"/>
    <property name="java.vm.specification.vendor" value="Oracle Corporation"/>
    <property name="java.specification.name" value="Java Platform API Specification"/>
    <property name="surefire.real.class.path" value="C:\Users\eufel\AppData\Local\Temp\surefire10131061708614595089\surefirebooter-20240328191745491_3.jar"/>
    <property name="user.script" value=""/>
    <property name="sun.management.compiler" value="HotSpot 64-Bit Tiered Compilers"/>
    <property name="java.runtime.version" value="21.0.2+13-LTS-58"/>
    <property name="user.name" value="eufel"/>
    <property name="stdout.encoding" value="Cp1252"/>
    <property name="path.separator" value=";"/>
    <property name="os.version" value="10.0"/>
    <property name="java.runtime.name" value="Java(TM) SE Runtime Environment"/>
    <property name="file.encoding" value="UTF-8"/>
    <property name="java.vm.name" value="Java HotSpot(TM) 64-Bit Server VM"/>
    <property name="localRepository" value="C:\Users\eufel\.m2\repository"/>
    <property name="java.vendor.url.bug" value="https://bugreport.java.com/bugreport/"/>
    <property name="java.io.tmpdir" value="C:\Users\eufel\AppData\Local\Temp\"/>
    <property name="java.version" value="21.0.2"/>
    <property name="user.dir" value="D:\Programming\EngenhariaSoftwarePUCRS\Verificacao_e_Validacao_de_Software\Aula08__Testes_de_Especificacao_Valor_Limite_Exercicios\exercicio_estacionamento"/>
    <property name="os.arch" value="amd64"/>
    <property name="java.vm.specification.name" value="Java Virtual Machine Specification"/>
    <property name="sun.os.patch.level" value=""/>
    <property name="native.encoding" value="Cp1252"/>
    <property name="java.library.path" value="D:\Java\JDK\JDK_21\bin;C:\Windows\Sun\Java\bin;C:\Windows\system32;C:\Windows;C:\Windows\system32;C:\Windows;C:\Windows\System32\Wbem;C:\Windows\System32\WindowsPowerShell\v1.0\;C:\Windows\System32\OpenSSH\;C:\Program Files\NVIDIA Corporation\NVIDIA NvDLISR;C:\Program Files (x86)\NVIDIA Corporation\PhysX\Common;D:\Go\bin;D:\Git\cmd;D:\Node\;D:\Python\Scripts\;D:\Python\;C:\Users\eufel\AppData\Local\Microsoft\WindowsApps;D:\Microsoft VS Code\bin;C:\Users\eufel\go\bin;C:\Users\eufel\AppData\Roaming\npm;C:\Users\eufel\AppData\Local\GitHubDesktop\bin;D:\Java\JDK\JDK_21\bin;D:\Java\Maven\apache-maven-3.9.6\bin;."/>
    <property name="java.vm.info" value="mixed mode, sharing"/>
    <property name="stderr.encoding" value="Cp1252"/>
    <property name="java.vendor" value="Oracle Corporation"/>
    <property name="java.vm.version" value="21.0.2+13-LTS-58"/>
    <property name="sun.io.unicode.encoding" value="UnicodeLittle"/>
    <property name="java.class.version" value="65.0"/>
  </properties>
  <testcase name="overnightHasDifferentPrice" classname="com.vev.ParkingTests" time="0.02"/>
  <testcase name="over120MinutesNotOvernightHasAdditionalFeeAndHalfForVIP" classname="com.vev.ParkingTests" time="0.001"/>
  <testcase name="upTo120MinutesIsFixedPriceAndHalfForVIP" classname="com.vev.ParkingTests" time="0.001"/>
  <testcase name="over120MinutesNotOvernightHasAdditionalFee" classname="com.vev.ParkingTests" time="0.002"/>
  <testcase name="upTo15MinutesIsFree" classname="com.vev.ParkingTests" time="0.001"/>
  <testcase name="overnightHasDifferentPriceAndHalfForVIP" classname="com.vev.ParkingTests" time="0.001"/>
  <testcase name="upTo120MinutesIsFixedPrice" classname="com.vev.ParkingTests" time="0.001"/>
</testsuite>